This is pdfTeX, Version 3.14159265-2.6-1.40.19 (MiKTeX 2.9.6745 64-bit) (preloaded format=pdflatex 2018.8.5)  26 JAN 2020 19:37
entering extended mode
**./PA_Battlemanual.tex
(PA_Battlemanual.tex
LaTeX2e <2018-04-01> patch level 5

("C:\Users\Sajuukthanatoskhar\AppData\Local\Programs\MiKTeX 2.9\tex\latex\base\
article.cls"
Document Class: article 2014/09/29 v1.4h Standard LaTeX document class

("C:\Users\Sajuukthanatoskhar\AppData\Local\Programs\MiKTeX 2.9\tex\latex\base\
size10.clo"
File: size10.clo 2014/09/29 v1.4h Standard LaTeX file (size option)
)
\c@part=\count80
\c@section=\count81
\c@subsection=\count82
\c@subsubsection=\count83
\c@paragraph=\count84
\c@subparagraph=\count85
\c@figure=\count86
\c@table=\count87
\abovecaptionskip=\skip41
\belowcaptionskip=\skip42
\bibindent=\dimen102
)
("C:\Users\Sajuukthanatoskhar\AppData\Local\Programs\MiKTeX 2.9\tex\latex\hyper
ref\hyperref.sty"
Package: hyperref 2018/02/06 v6.86b Hypertext links for LaTeX

("C:\Users\Sajuukthanatoskhar\AppData\Local\Programs\MiKTeX 2.9\tex\generic\obe
rdiek\hobsub-hyperref.sty"
Package: hobsub-hyperref 2016/05/16 v1.14 Bundle oberdiek, subset hyperref (HO)


("C:\Users\Sajuukthanatoskhar\AppData\Local\Programs\MiKTeX 2.9\tex\generic\obe
rdiek\hobsub-generic.sty"
Package: hobsub-generic 2016/05/16 v1.14 Bundle oberdiek, subset generic (HO)
Package: hobsub 2016/05/16 v1.14 Construct package bundles (HO)
Package: infwarerr 2016/05/16 v1.4 Providing info/warning/error messages (HO)
Package: ltxcmds 2016/05/16 v1.23 LaTeX kernel commands for general use (HO)
Package: ifluatex 2016/05/16 v1.4 Provides the ifluatex switch (HO)
Package ifluatex Info: LuaTeX not detected.
Package: ifvtex 2016/05/16 v1.6 Detect VTeX and its facilities (HO)
Package ifvtex Info: VTeX not detected.
Package: intcalc 2016/05/16 v1.2 Expandable calculations with integers (HO)
Package: ifpdf 2017/03/15 v3.2 Provides the ifpdf switch
Package: etexcmds 2016/05/16 v1.6 Avoid name clashes with e-TeX commands (HO)
Package etexcmds Info: Could not find \expanded.
(etexcmds)             That can mean that you are not using pdfTeX 1.50 or
(etexcmds)             that some package has redefined \expanded.
(etexcmds)             In the latter case, load this package earlier.
Package: kvsetkeys 2016/05/16 v1.17 Key value parser (HO)
Package: kvdefinekeys 2016/05/16 v1.4 Define keys (HO)
Package: pdftexcmds 2018/01/30 v0.27 Utility functions of pdfTeX for LuaTeX (HO
)
Package pdftexcmds Info: LuaTeX not detected.
Package pdftexcmds Info: \pdf@primitive is available.
Package pdftexcmds Info: \pdf@ifprimitive is available.
Package pdftexcmds Info: \pdfdraftmode found.
Package: pdfescape 2016/05/16 v1.14 Implements pdfTeX's escape features (HO)
Package: bigintcalc 2016/05/16 v1.4 Expandable calculations on big integers (HO
)
Package: bitset 2016/05/16 v1.2 Handle bit-vector datatype (HO)
Package: uniquecounter 2016/05/16 v1.3 Provide unlimited unique counter (HO)
)
Package hobsub Info: Skipping package `hobsub' (already loaded).
Package: letltxmacro 2016/05/16 v1.5 Let assignment for LaTeX macros (HO)
Package: hopatch 2016/05/16 v1.3 Wrapper for package hooks (HO)
Package: xcolor-patch 2016/05/16 xcolor patch
Package: atveryend 2016/05/16 v1.9 Hooks at the very end of document (HO)
Package atveryend Info: \enddocument detected (standard20110627).
Package: atbegshi 2016/06/09 v1.18 At begin shipout hook (HO)
Package: refcount 2016/05/16 v3.5 Data extraction from label references (HO)
Package: hycolor 2016/05/16 v1.8 Color options for hyperref/bookmark (HO)
)
("C:\Users\Sajuukthanatoskhar\AppData\Local\Programs\MiKTeX 2.9\tex\latex\graph
ics\keyval.sty"
Package: keyval 2014/10/28 v1.15 key=value parser (DPC)
\KV@toks@=\toks14
)
("C:\Users\Sajuukthanatoskhar\AppData\Local\Programs\MiKTeX 2.9\tex\generic\ifx
etex\ifxetex.sty"
Package: ifxetex 2010/09/12 v0.6 Provides ifxetex conditional
)
("C:\Users\Sajuukthanatoskhar\AppData\Local\Programs\MiKTeX 2.9\tex\latex\oberd
iek\auxhook.sty"
Package: auxhook 2016/05/16 v1.4 Hooks for auxiliary files (HO)
)
("C:\Users\Sajuukthanatoskhar\AppData\Local\Programs\MiKTeX 2.9\tex\latex\oberd
iek\kvoptions.sty"
Package: kvoptions 2016/05/16 v3.12 Key value format for package options (HO)
)
\@linkdim=\dimen103
\Hy@linkcounter=\count88
\Hy@pagecounter=\count89

("C:\Users\Sajuukthanatoskhar\AppData\Local\Programs\MiKTeX 2.9\tex\latex\hyper
ref\pd1enc.def"
File: pd1enc.def 2018/02/06 v6.86b Hyperref: PDFDocEncoding definition (HO)
Now handling font encoding PD1 ...
... no UTF-8 mapping file for font encoding PD1
)
\Hy@SavedSpaceFactor=\count90

("C:\Users\Sajuukthanatoskhar\AppData\Local\Programs\MiKTeX 2.9\tex\latex\00mik
tex\hyperref.cfg"
File: hyperref.cfg 2002/06/06 v1.2 hyperref configuration of TeXLive
)
Package hyperref Info: Hyper figures OFF on input line 4509.
Package hyperref Info: Link nesting OFF on input line 4514.
Package hyperref Info: Hyper index ON on input line 4517.
Package hyperref Info: Plain pages OFF on input line 4524.
Package hyperref Info: Backreferencing OFF on input line 4529.
Package hyperref Info: Implicit mode ON; LaTeX internals redefined.
Package hyperref Info: Bookmarks ON on input line 4762.
\c@Hy@tempcnt=\count91

("C:\Users\Sajuukthanatoskhar\AppData\Local\Programs\MiKTeX 2.9\tex\latex\url\u
rl.sty"
\Urlmuskip=\muskip10
Package: url 2013/09/16  ver 3.4  Verb mode for urls, etc.
)
LaTeX Info: Redefining \url on input line 5115.
\XeTeXLinkMargin=\dimen104
\Fld@menulength=\count92
\Field@Width=\dimen105
\Fld@charsize=\dimen106
Package hyperref Info: Hyper figures OFF on input line 6369.
Package hyperref Info: Link nesting OFF on input line 6374.
Package hyperref Info: Hyper index ON on input line 6377.
Package hyperref Info: backreferencing OFF on input line 6384.
Package hyperref Info: Link coloring OFF on input line 6389.
Package hyperref Info: Link coloring with OCG OFF on input line 6394.
Package hyperref Info: PDF/A mode OFF on input line 6399.
LaTeX Info: Redefining \ref on input line 6439.
LaTeX Info: Redefining \pageref on input line 6443.
\Hy@abspage=\count93
\c@Item=\count94
\c@Hfootnote=\count95
)
Package hyperref Info: Driver (autodetected): hpdftex.

("C:\Users\Sajuukthanatoskhar\AppData\Local\Programs\MiKTeX 2.9\tex\latex\hyper
ref\hpdftex.def"
File: hpdftex.def 2018/02/06 v6.86b Hyperref driver for pdfTeX
\Fld@listcount=\count96
\c@bookmark@seq@number=\count97

("C:\Users\Sajuukthanatoskhar\AppData\Local\Programs\MiKTeX 2.9\tex\latex\oberd
iek\rerunfilecheck.sty"
Package: rerunfilecheck 2016/05/16 v1.8 Rerun checks for auxiliary files (HO)
Package uniquecounter Info: New unique counter `rerunfilecheck' on input line 2
82.
)
\Hy@SectionHShift=\skip43
)
("C:\Users\Sajuukthanatoskhar\AppData\Local\Programs\MiKTeX 2.9\tex\latex\graph
ics\graphicx.sty"
Package: graphicx 2017/06/01 v1.1a Enhanced LaTeX Graphics (DPC,SPQR)

("C:\Users\Sajuukthanatoskhar\AppData\Local\Programs\MiKTeX 2.9\tex\latex\graph
ics\graphics.sty"
Package: graphics 2017/06/25 v1.2c Standard LaTeX Graphics (DPC,SPQR)

("C:\Users\Sajuukthanatoskhar\AppData\Local\Programs\MiKTeX 2.9\tex\latex\graph
ics\trig.sty"
Package: trig 2016/01/03 v1.10 sin cos tan (DPC)
)
("C:\Users\Sajuukthanatoskhar\AppData\Local\Programs\MiKTeX 2.9\tex\latex\graph
ics-cfg\graphics.cfg"
File: graphics.cfg 2016/06/04 v1.11 sample graphics configuration
)
Package graphics Info: Driver file: pdftex.def on input line 99.

("C:\Users\Sajuukthanatoskhar\AppData\Local\Programs\MiKTeX 2.9\tex\latex\graph
ics-def\pdftex.def"
File: pdftex.def 2018/01/08 v1.0l Graphics/color driver for pdftex
))
\Gin@req@height=\dimen107
\Gin@req@width=\dimen108
) (PA_Battlemanual.aux)
\openout1 = `PA_Battlemanual.aux'.

LaTeX Font Info:    Checking defaults for OML/cmm/m/it on input line 9.
LaTeX Font Info:    ... okay on input line 9.
LaTeX Font Info:    Checking defaults for T1/cmr/m/n on input line 9.
LaTeX Font Info:    ... okay on input line 9.
LaTeX Font Info:    Checking defaults for OT1/cmr/m/n on input line 9.
LaTeX Font Info:    ... okay on input line 9.
LaTeX Font Info:    Checking defaults for OMS/cmsy/m/n on input line 9.
LaTeX Font Info:    ... okay on input line 9.
LaTeX Font Info:    Checking defaults for OMX/cmex/m/n on input line 9.
LaTeX Font Info:    ... okay on input line 9.
LaTeX Font Info:    Checking defaults for U/cmr/m/n on input line 9.
LaTeX Font Info:    ... okay on input line 9.
LaTeX Font Info:    Checking defaults for PD1/pdf/m/n on input line 9.
LaTeX Font Info:    ... okay on input line 9.
\AtBeginShipoutBox=\box26
Package hyperref Info: Link coloring OFF on input line 9.

("C:\Users\Sajuukthanatoskhar\AppData\Local\Programs\MiKTeX 2.9\tex\latex\hyper
ref\nameref.sty"
Package: nameref 2016/05/21 v2.44 Cross-referencing by name of section

("C:\Users\Sajuukthanatoskhar\AppData\Local\Programs\MiKTeX 2.9\tex\generic\obe
rdiek\gettitlestring.sty"
Package: gettitlestring 2016/05/16 v1.5 Cleanup title references (HO)
)
\c@section@level=\count98
)
LaTeX Info: Redefining \ref on input line 9.
LaTeX Info: Redefining \pageref on input line 9.
LaTeX Info: Redefining \nameref on input line 9.
 (PA_Battlemanual.out) (PA_Battlemanual.out)
\@outlinefile=\write3
\openout3 = `PA_Battlemanual.out'.


("C:\Users\Sajuukthanatoskhar\AppData\Local\Programs\MiKTeX 2.9\tex\context\bas
e\supp-pdf.mkii"
[Loading MPS to PDF converter (version 2006.09.02).]
\scratchcounter=\count99
\scratchdimen=\dimen109
\scratchbox=\box27
\nofMPsegments=\count100
\nofMParguments=\count101
\everyMPshowfont=\toks15
\MPscratchCnt=\count102
\MPscratchDim=\dimen110
\MPnumerator=\count103
\makeMPintoPDFobject=\count104
\everyMPtoPDFconversion=\toks16
)
("C:\Users\Sajuukthanatoskhar\AppData\Local\Programs\MiKTeX 2.9\tex\latex\oberd
iek\epstopdf-base.sty"
Package: epstopdf-base 2016/05/15 v2.6 Base part for package epstopdf

("C:\Users\Sajuukthanatoskhar\AppData\Local\Programs\MiKTeX 2.9\tex\latex\oberd
iek\grfext.sty"
Package: grfext 2016/05/16 v1.2 Manage graphics extensions (HO)
)
Package epstopdf-base Info: Redefining graphics rule for `.eps' on input line 4
38.
Package grfext Info: Graphics extension search list:
(grfext)             [.pdf,.png,.jpg,.mps,.jpeg,.jbig2,.jb2,.PDF,.PNG,.JPG,.JPE
G,.JBIG2,.JB2,.eps]
(grfext)             \AppendGraphicsExtensions on input line 456.
)
LaTeX Font Info:    External font `cmex10' loaded for size
(Font)              <12> on input line 12.
LaTeX Font Info:    External font `cmex10' loaded for size
(Font)              <8> on input line 12.
LaTeX Font Info:    External font `cmex10' loaded for size
(Font)              <6> on input line 12.
<5seQd0e.jpg, id=343, 1505.625pt x 902.37125pt>
File: 5seQd0e.jpg Graphic file (type jpg)
<use 5seQd0e.jpg>
Package pdftex.def Info: 5seQd0e.jpg  used on input line 14.
(pdftex.def)             Requested size: 345.0pt x 206.76996pt.
 [1

{C:/Users/Sajuukthanatoskhar/AppData/Local/MiKTeX/2.9/pdftex/config/pdftex.map}
 <./5seQd0e.jpg>] (PA_Battlemanual.toc
LaTeX Font Info:    External font `cmex10' loaded for size
(Font)              <7> on input line 4.
LaTeX Font Info:    External font `cmex10' loaded for size
(Font)              <5> on input line 4.
 [2] [3])
\tf@toc=\write4
\openout4 = `PA_Battlemanual.toc'.

 [4]
[5]
<NtpMQAd.jpg, id=458, 939.51pt x 787.94376pt>
File: NtpMQAd.jpg Graphic file (type jpg)
<use NtpMQAd.jpg>
Package pdftex.def Info: NtpMQAd.jpg  used on input line 72.
(pdftex.def)             Requested size: 345.0pt x 289.33441pt.


LaTeX Warning: `h' float specifier changed to `ht'.

[6]
LaTeX Font Info:    Try loading font information for OMS+cmr on input line 84.

("C:\Users\Sajuukthanatoskhar\AppData\Local\Programs\MiKTeX 2.9\tex\latex\base\
omscmr.fd"
File: omscmr.fd 2014/09/29 v2.5h Standard LaTeX font definitions
)
LaTeX Font Info:    Font shape `OMS/cmr/m/n' in size <10> not available
(Font)              Font shape `OMS/cmsy/m/n' tried instead on input line 84.
 [7 <./NtpMQAd.jpg>]
<cOkgxlH.png, id=470, 873.2625pt x 887.315pt>
File: cOkgxlH.png Graphic file (type png)
<use cOkgxlH.png>
Package pdftex.def Info: cOkgxlH.png  used on input line 94.
(pdftex.def)             Requested size: 172.5pt x 175.26648pt.
 [8 <./cOkgxlH.png>] [9] [10] [11] [12] [13]
[14] [15] [16] [17] [18] [19] [20] [21]
<SBi860w.jpg, id=550, 979.66pt x 757.83125pt>
File: SBi860w.jpg Graphic file (type jpg)
<use SBi860w.jpg>
Package pdftex.def Info: SBi860w.jpg  used on input line 359.
(pdftex.def)             Requested size: 241.49895pt x 186.8093pt.
 [22 <./SBi860w.jpg>]
<tZQ7AcE.png, id=558, 399.4925pt x 747.79375pt>
File: tZQ7AcE.png Graphic file (type png)
<use tZQ7AcE.png>
Package pdftex.def Info: tZQ7AcE.png  used on input line 399.
(pdftex.def)             Requested size: 172.5pt x 322.89146pt.


LaTeX Warning: `h' float specifier changed to `ht'.

[23]
Overfull \hbox (45.13977pt too wide) in paragraph at lines 419--429
[][] 
 []


LaTeX Warning: `!h' float specifier changed to `!ht'.

[24 <./tZQ7AcE.png>] [25]
Overfull \hbox (23.19513pt too wide) in paragraph at lines 469--470
[]\OT1/cmr/m/n/10 Dox or Slam-mers will wreck your at-tack, add 10 boom-bots fo
r each dox/slammer 
 []

[26]
<zp9bTfg.png, id=583, 617.30624pt x 592.2125pt>
File: zp9bTfg.png Graphic file (type png)
<use zp9bTfg.png>
Package pdftex.def Info: zp9bTfg.png  used on input line 509.
(pdftex.def)             Requested size: 345.0pt x 330.98611pt.
 [27] [28 <./zp9bTfg.png>]
<ODQQ08a.png, id=594, 681.54625pt x 824.07875pt>
File: ODQQ08a.png Graphic file (type png)
<use ODQQ08a.png>
Package pdftex.def Info: ODQQ08a.png  used on input line 549.
(pdftex.def)             Requested size: 241.49895pt x 292.003pt.


LaTeX Warning: `h' float specifier changed to `ht'.

[29] [30 <./ODQQ08a.png>]
<k65pOTe.png, id=606, 1311.90125pt x 870.25125pt>
File: k65pOTe.png Graphic file (type png)
<use k65pOTe.png>
Package pdftex.def Info: k65pOTe.png  used on input line 605.
(pdftex.def)             Requested size: 345.0pt x 228.84938pt.


LaTeX Warning: `h' float specifier changed to `ht'.

[31] [32 <./k65pOTe.png>]
<uyhiwZs.png, id=618, 1271.75125pt x 531.9875pt>
File: uyhiwZs.png Graphic file (type png)
<use uyhiwZs.png>
Package pdftex.def Info: uyhiwZs.png  used on input line 638.
(pdftex.def)             Requested size: 345.0pt x 144.3204pt.
 [33 <./uyhiwZs.png>] [34]
<mYZYLlR.png, id=632, 1177.39874pt x 819.06pt>
File: mYZYLlR.png Graphic file (type png)
<use mYZYLlR.png>
Package pdftex.def Info: mYZYLlR.png  used on input line 693.
(pdftex.def)             Requested size: 241.49895pt x 167.99586pt.
 [35 <./mYZYLlR.png>]
[36]
Package atveryend Info: Empty hook `BeforeClearDocument' on input line 744.
 [37]
Package atveryend Info: Empty hook `AfterLastShipout' on input line 744.
 (PA_Battlemanual.aux)
Package atveryend Info: Executing hook `AtVeryEndDocument' on input line 744.
Package atveryend Info: Executing hook `AtEndAfterFileList' on input line 744.
Package rerunfilecheck Info: File `PA_Battlemanual.out' has not changed.
(rerunfilecheck)             Checksum: 67D41CECE208875634F7EA7E8EF96F8C;6078.
Package atveryend Info: Empty hook `AtVeryVeryEnd' on input line 744.
 ) 
Here is how much of TeX's memory you used:
 5306 strings out of 492973
 80893 string characters out of 3120934
 168360 words of memory out of 3000000
 9000 multiletter control sequences out of 15000+200000
 7895 words of font info for 28 fonts, out of 3000000 for 9000
 1141 hyphenation exceptions out of 8191
 28i,13n,28p,683b,402s stack positions out of 5000i,500n,10000p,200000b,50000s
<C:/Users/Sajuukthanatoskhar/AppData/Local/Programs/MiKTeX 2.9/fonts/type1/pu
blic/amsfonts/cm/cmbx10.pfb><C:/Users/Sajuukthanatoskhar/AppData/Local/Programs
/MiKTeX 2.9/fonts/type1/public/amsfonts/cm/cmbx12.pfb><C:/Users/Sajuukthanatosk
har/AppData/Local/Programs/MiKTeX 2.9/fonts/type1/public/amsfonts/cm/cmmi10.pfb
><C:/Users/Sajuukthanatoskhar/AppData/Local/Programs/MiKTeX 2.9/fonts/type1/pub
lic/amsfonts/cm/cmr10.pfb><C:/Users/Sajuukthanatoskhar/AppData/Local/Programs/M
iKTeX 2.9/fonts/type1/public/amsfonts/cm/cmr12.pfb><C:/Users/Sajuukthanatoskhar
/AppData/Local/Programs/MiKTeX 2.9/fonts/type1/public/amsfonts/cm/cmr17.pfb><C:
/Users/Sajuukthanatoskhar/AppData/Local/Programs/MiKTeX 2.9/fonts/type1/public/
amsfonts/cm/cmr7.pfb><C:/Users/Sajuukthanatoskhar/AppData/Local/Programs/MiKTeX
 2.9/fonts/type1/public/amsfonts/cm/cmsy10.pfb>
Output written on PA_Battlemanual.pdf (37 pages, 1697265 bytes).
PDF statistics:
 711 PDF objects out of 1000 (max. 8388607)
 152 named destinations out of 1000 (max. 500000)
 731 words of extra memory for PDF output out of 10000 (max. 10000000)

