\BOOKMARK [1][-]{section.1}{Introduction}{}% 1
\BOOKMARK [1][-]{section.2}{Acknowledgements}{}% 2
\BOOKMARK [1][-]{section.3}{This strategy guide and who it is for}{}% 3
\BOOKMARK [2][-]{subsection.3.1}{Assumptions}{section.3}% 4
\BOOKMARK [2][-]{subsection.3.2}{For the new players}{section.3}% 5
\BOOKMARK [3][-]{subsubsection.3.2.1}{When you die}{subsection.3.2}% 6
\BOOKMARK [2][-]{subsection.3.3}{A word on world ending devices}{section.3}% 7
\BOOKMARK [1][-]{section.4}{Bounty}{}% 8
\BOOKMARK [1][-]{section.5}{Attention Warfare}{}% 9
\BOOKMARK [2][-]{subsection.5.1}{Choosing what planets should do what}{section.5}% 10
\BOOKMARK [1][-]{section.6}{Pre-Game Decisions define your entire game}{}% 11
\BOOKMARK [2][-]{subsection.6.1}{Red vs Blue Team Games}{section.6}% 12
\BOOKMARK [3][-]{subsubsection.6.1.1}{Starting on one planet}{subsection.6.1}% 13
\BOOKMARK [3][-]{subsubsection.6.1.2}{Lane games}{subsection.6.1}% 14
\BOOKMARK [2][-]{subsection.6.2}{NvNvN... Team games}{section.6}% 15
\BOOKMARK [2][-]{subsection.6.3}{Individual Planet choices}{section.6}% 16
\BOOKMARK [1][-]{section.7}{Planets with high amounts of doodads/CSG}{}% 17
\BOOKMARK [1][-]{section.8}{Gas Planets}{}% 18
\BOOKMARK [1][-]{section.9}{Orbital Mechanics}{}% 19
\BOOKMARK [2][-]{subsection.9.1}{Astreus}{section.9}% 20
\BOOKMARK [3][-]{subsubsection.9.1.1}{The pullout maneuver}{subsection.9.1}% 21
\BOOKMARK [2][-]{subsection.9.2}{'Teleporting' Space units}{section.9}% 22
\BOOKMARK [2][-]{subsection.9.3}{Tech 1 Radar Satellites}{section.9}% 23
\BOOKMARK [2][-]{subsection.9.4}{Defense against the Mongolian Ion Cannon horde}{section.9}% 24
\BOOKMARK [2][-]{subsection.9.5}{Stealthy Unit Cannons}{section.9}% 25
\BOOKMARK [1][-]{section.10}{Teleports}{}% 26
\BOOKMARK [1][-]{section.11}{Nuclear Missiles}{}% 27
\BOOKMARK [1][-]{section.12}{Space Invasion Strategies}{}% 28
\BOOKMARK [2][-]{subsection.12.1}{Scouting}{section.12}% 29
\BOOKMARK [2][-]{subsection.12.2}{Tier 1 : Single Space Fabricator}{section.12}% 30
\BOOKMARK [2][-]{subsection.12.3}{Tier 2 : Many Space Fabricators}{section.12}% 31
\BOOKMARK [2][-]{subsection.12.4}{Tier 3 : Unit Cannon with combat fabricators}{section.12}% 32
\BOOKMARK [2][-]{subsection.12.5}{Tier 4 : Helios}{section.12}% 33
\BOOKMARK [2][-]{subsection.12.6}{Tier 5 : Nuke + Helios or Unit Cannon}{section.12}% 34
\BOOKMARK [2][-]{subsection.12.7}{Tier 6: Apocalypse - Multiple nukes, Pheonix Invasion, Multiple Helii Titans and Unit cannons}{section.12}% 35
\BOOKMARK [1][-]{section.13}{General Strategies}{}% 36
\BOOKMARK [2][-]{subsection.13.1}{Word of warning}{section.13}% 37
\BOOKMARK [2][-]{subsection.13.2}{2Mex1TankFac1AssFab}{section.13}% 38
\BOOKMARK [3][-]{subsubsection.13.2.1}{Why the extra build power from fabs?}{subsection.13.2}% 39
\BOOKMARK [3][-]{subsubsection.13.2.2}{Evolving into mid game}{subsection.13.2}% 40
\BOOKMARK [2][-]{subsection.13.3}{Dox Swarm Build}{section.13}% 41
\BOOKMARK [2][-]{subsection.13.4}{Air starts}{section.13}% 42
\BOOKMARK [2][-]{subsection.13.5}{Real costs of production}{section.13}% 43
\BOOKMARK [2][-]{subsection.13.6}{Pinning}{section.13}% 44
\BOOKMARK [2][-]{subsection.13.7}{Sneaky Boombot snipe}{section.13}% 45
\BOOKMARK [2][-]{subsection.13.8}{Direct Frontal Assault}{section.13}% 46
\BOOKMARK [3][-]{subsubsection.13.8.1}{Walls}{subsection.13.8}% 47
\BOOKMARK [3][-]{subsubsection.13.8.2}{Who wins, takes all the wreckage}{subsection.13.8}% 48
\BOOKMARK [2][-]{subsection.13.9}{Use of terrain}{section.13}% 49
\BOOKMARK [2][-]{subsection.13.10}{T1 Tanks : The inferno}{section.13}% 50
\BOOKMARK [2][-]{subsection.13.11}{T2 Tanks: The Leveller}{section.13}% 51
\BOOKMARK [3][-]{subsubsection.13.11.1}{Vision Radius}{subsection.13.11}% 52
\BOOKMARK [3][-]{subsubsection.13.11.2}{HOLD THE LINE THERE BUDDY}{subsection.13.11}% 53
\BOOKMARK [2][-]{subsection.13.12}{Other T2 Tanks}{section.13}% 54
\BOOKMARK [3][-]{subsubsection.13.12.1}{Shellers}{subsection.13.12}% 55
\BOOKMARK [3][-]{subsubsection.13.12.2}{Vanguards}{subsection.13.12}% 56
\BOOKMARK [2][-]{subsection.13.13}{T2 Bots}{section.13}% 57
\BOOKMARK [3][-]{subsubsection.13.13.1}{Gile Sniper Bots}{subsection.13.13}% 58
\BOOKMARK [3][-]{subsubsection.13.13.2}{Bluehawks}{subsection.13.13}% 59
\BOOKMARK [3][-]{subsubsection.13.13.3}{Colonels}{subsection.13.13}% 60
\BOOKMARK [2][-]{subsection.13.14}{T2 Air}{section.13}% 61
\BOOKMARK [3][-]{subsubsection.13.14.1}{Phoenix}{subsection.13.14}% 62
\BOOKMARK [3][-]{subsubsection.13.14.2}{Wyrms}{subsection.13.14}% 63
\BOOKMARK [3][-]{subsubsection.13.14.3}{Angels}{subsection.13.14}% 64
\BOOKMARK [3][-]{subsubsection.13.14.4}{Hornets}{subsection.13.14}% 65
\BOOKMARK [3][-]{subsubsection.13.14.5}{Kestrel}{subsection.13.14}% 66
\BOOKMARK [3][-]{subsubsection.13.14.6}{Horsefly}{subsection.13.14}% 67
\BOOKMARK [2][-]{subsection.13.15}{Air transports}{section.13}% 68
\BOOKMARK [3][-]{subsubsection.13.15.1}{Sneaky Teleport}{subsection.13.15}% 69
\BOOKMARK [1][-]{section.14}{Commander Strategies}{}% 70
\BOOKMARK [2][-]{subsection.14.1}{Offensive}{section.14}% 71
\BOOKMARK [3][-]{subsubsection.14.1.1}{Commander Pushing}{subsection.14.1}% 72
\BOOKMARK [2][-]{subsection.14.2}{Defensive}{section.14}% 73
\BOOKMARK [3][-]{subsubsection.14.2.1}{Anti-space}{subsection.14.2}% 74
\BOOKMARK [2][-]{subsection.14.3}{Next world expansion}{section.14}% 75
\BOOKMARK [1][-]{section.15}{Psychological Warfare}{}% 76
\BOOKMARK [2][-]{subsection.15.1}{Invasion \(On Ground\)}{section.15}% 77
\BOOKMARK [2][-]{subsection.15.2}{Massive Army}{section.15}% 78
\BOOKMARK [3][-]{subsubsection.15.2.1}{Global invasion}{subsection.15.2}% 79
\BOOKMARK [2][-]{subsection.15.3}{Losing Gas}{section.15}% 80
\BOOKMARK [2][-]{subsection.15.4}{Getting Pinned}{section.15}% 81
\BOOKMARK [2][-]{subsection.15.5}{Mass Fabricator invasion}{section.15}% 82
\BOOKMARK [3][-]{subsubsection.15.5.1}{Ragnarok}{subsection.15.5}% 83
\BOOKMARK [1][-]{section.16}{Ping pathing}{}% 84
\BOOKMARK [1][-]{section.17}{Appendix: Glossary}{}% 85
